2026-03-01 19:32:20.899 +05:30 [INF] API invoked to create a new todo having title:implement logger
2026-03-01 19:32:20.941 +05:30 [INF] Creating new todo with title:implement logger
2026-03-01 19:32:20.963 +05:30 [INF] New todo created successfully with id:8
2026-03-01 19:32:54.755 +05:30 [INF] API invoked to fetch all todos
2026-03-01 19:32:54.757 +05:30 [INF] Fetching all todos
2026-03-01 19:33:07.158 +05:30 [INF] API invoked to fetch the todo having id:1
2026-03-01 19:33:07.161 +05:30 [INF] Fetching todo with id:1
2026-03-01 19:33:23.211 +05:30 [INF] API invoked to fetch the todo having id:8
2026-03-01 19:33:23.220 +05:30 [INF] Fetching todo with id:8
2026-03-01 19:37:41.469 +05:30 [INF] API invoked to fetch all todos
2026-03-01 19:37:41.508 +05:30 [INF] Fetching all todos
2026-03-01 19:38:16.668 +05:30 [INF] API invoked to fetch the todo having id:8
2026-03-01 19:38:16.673 +05:30 [INF] Fetching todo with id:8
2026-03-01 19:38:49.124 +05:30 [INF] API invoked to update the todo having id:8
2026-03-01 19:38:49.127 +05:30 [INF] Fetching todo with id:8
2026-03-01 19:38:49.129 +05:30 [INF] Updating the todo having id:8
2026-03-01 19:38:49.177 +05:30 [INF] Updated the todo successfully having id:8
2026-03-01 19:39:24.117 +05:30 [INF] API invoked to fetch the todo having id:8
2026-03-01 19:39:24.119 +05:30 [INF] Fetching todo with id:8
2026-03-01 19:40:50.529 +05:30 [INF] API invoked to update the todo having id:8
2026-03-01 19:40:54.701 +05:30 [INF] Fetching todo with id:8
2026-03-01 19:41:31.380 +05:30 [INF] Updating the todo having id:8
2026-03-01 19:41:38.984 +05:30 [INF] Updated the todo successfully having id:8
2026-03-01 19:41:59.101 +05:30 [INF] API invoked to update the todo having id:8
2026-03-01 19:41:59.108 +05:30 [INF] Fetching todo with id:8
2026-03-01 19:41:59.117 +05:30 [INF] Updating the todo having id:8
2026-03-01 19:41:59.120 +05:30 [INF] Updated the todo successfully having id:8
2026-03-01 19:46:49.286 +05:30 [INF] API invoked to update the todo having id:8
2026-03-01 19:46:49.351 +05:30 [INF] Updating the todo having id:8
2026-03-01 19:46:49.442 +05:30 [INF] Updated the todo successfully having id:8
2026-03-01 19:47:02.298 +05:30 [INF] API invoked to update the todo having id:8
2026-03-01 19:47:02.299 +05:30 [INF] Updating the todo having id:8
2026-03-01 19:47:02.385 +05:30 [INF] Updated the todo successfully having id:8
2026-03-01 19:47:08.758 +05:30 [INF] API invoked to fetch the todo having id:8
2026-03-01 19:47:08.761 +05:30 [INF] Fetching todo with id:8
2026-03-01 19:47:24.158 +05:30 [INF] API invoked to update the todo having id:8
2026-03-01 19:47:24.160 +05:30 [INF] Updating the todo having id:8
2026-03-01 19:47:24.171 +05:30 [INF] Updated the todo successfully having id:8
2026-03-01 19:47:31.111 +05:30 [INF] API invoked to fetch the todo having id:8
2026-03-01 19:47:31.114 +05:30 [INF] Fetching todo with id:8
2026-03-01 19:47:38.626 +05:30 [INF] API invoked to update the todo having id:8
2026-03-01 19:47:38.628 +05:30 [INF] Updating the todo having id:8
2026-03-01 19:47:38.661 +05:30 [INF] Updated the todo successfully having id:8
2026-03-01 19:47:49.898 +05:30 [INF] API invoked to fetch the todo having id:8
2026-03-01 19:47:49.900 +05:30 [INF] Fetching todo with id:8
2026-03-01 19:48:01.722 +05:30 [INF] API invoked to update the todo having id:8
2026-03-01 19:48:01.724 +05:30 [INF] Updating the todo having id:8
2026-03-01 19:48:01.820 +05:30 [INF] Updated the todo successfully having id:8
2026-03-01 19:48:05.428 +05:30 [INF] API invoked to fetch the todo having id:8
2026-03-01 19:48:05.430 +05:30 [INF] Fetching todo with id:8
2026-03-01 19:49:04.046 +05:30 [INF] API invoked to delete the todo having id:8
2026-03-01 19:49:04.087 +05:30 [INF] Deleting the todo having id:8
2026-03-01 19:49:04.155 +05:30 [INF] Deleted the todo successfully having id:8
2026-03-01 19:49:14.953 +05:30 [INF] API invoked to delete the todo having id:8
2026-03-01 19:49:14.955 +05:30 [INF] Deleting the todo having id:8
2026-03-01 19:49:14.956 +05:30 [WRN] Todo having id:8 is not available for deletion
